2019-04-22 10:39:50.300  INFO 12180 --- [main] trationDelegate$BeanPostProcessorChecker : Bean 'org.springframework.cloud.autoconfigure.ConfigurationPropertiesRebinderAutoConfiguration' of type [org.springframework.cloud.autoconfigure.ConfigurationPropertiesRebinderAutoConfiguration$$EnhancerBySpringCGLIB$$a0410510] is not eligible for getting processed by all BeanPostProcessors (for example: not eligible for auto-proxying)
2019-04-22 10:39:50.449  INFO 12180 --- [main] o.s.c.n.eureka.InstanceInfoFactory       : Setting initial instance status as: STARTING
2019-04-22 10:39:50.493  INFO 12180 --- [main] com.netflix.discovery.DiscoveryClient    : Initializing Eureka in region us-east-1
2019-04-22 10:39:50.687  INFO 12180 --- [main] c.n.d.provider.DiscoveryJerseyProvider   : Using JSON encoding codec LegacyJacksonJson
2019-04-22 10:39:50.688  INFO 12180 --- [main] c.n.d.provider.DiscoveryJerseyProvider   : Using JSON decoding codec LegacyJacksonJson
2019-04-22 10:39:50.766  INFO 12180 --- [main] c.n.d.provider.DiscoveryJerseyProvider   : Using XML encoding codec XStreamXml
2019-04-22 10:39:50.766  INFO 12180 --- [main] c.n.d.provider.DiscoveryJerseyProvider   : Using XML decoding codec XStreamXml
2019-04-22 10:39:50.927  INFO 12180 --- [main] c.n.d.s.r.aws.ConfigClusterResolver      : Resolving eureka endpoints via configuration
2019-04-22 10:39:50.990  INFO 12180 --- [main] com.netflix.discovery.DiscoveryClient    : Disable delta property : false
2019-04-22 10:39:50.990  INFO 12180 --- [main] com.netflix.discovery.DiscoveryClient    : Single vip registry refresh property : null
2019-04-22 10:39:50.990  INFO 12180 --- [main] com.netflix.discovery.DiscoveryClient    : Force full registry fetch : false
2019-04-22 10:39:50.990  INFO 12180 --- [main] com.netflix.discovery.DiscoveryClient    : Application is null : false
2019-04-22 10:39:50.990  INFO 12180 --- [main] com.netflix.discovery.DiscoveryClient    : Registered Applications size is zero : true
2019-04-22 10:39:50.990  INFO 12180 --- [main] com.netflix.discovery.DiscoveryClient    : Application version is -1: true
2019-04-22 10:39:50.990  INFO 12180 --- [main] com.netflix.discovery.DiscoveryClient    : Getting all instance registry info from the eureka server
2019-04-22 10:39:51.124  INFO 12180 --- [main] com.netflix.discovery.DiscoveryClient    : The response status is 200
2019-04-22 10:39:51.127  INFO 12180 --- [main] com.netflix.discovery.DiscoveryClient    : Not registering with Eureka server per configuration
2019-04-22 10:39:51.132  INFO 12180 --- [main] com.netflix.discovery.DiscoveryClient    : Discovery Client initialized at timestamp 1555900791130 with initial instances count: 3
2019-04-22 10:39:51.153  INFO 12180 --- [main] o.s.c.n.e.s.EurekaServiceRegistry        : Registering application CONFIGCLIENT with eureka with status UP
2019-04-22 10:39:51.267  INFO 12180 --- [main] c.c.c.ConfigServicePropertySourceLocator : Fetching config from server at : http://192.168.131.43:7000/
2019-04-22 10:39:51.481  INFO 12180 --- [main] c.c.c.ConfigServicePropertySourceLocator : Located environment: name=configclient, profiles=[dev], label=master, version=null, state=null
2019-04-22 10:39:51.481  INFO 12180 --- [main] b.c.PropertySourceBootstrapConfiguration : Located property source: CompositePropertySource {name='configService', propertySources=[MapPropertySource {name='classpath:/native/configclient/configclient-dev.yml'}]}
2019-04-22 10:39:51.508  INFO 12180 --- [main] com.my.ConfigClientApplication           : No active profile set, falling back to default profiles: default
2019-04-22 10:39:51.929  WARN 12180 --- [main] o.s.boot.actuate.endpoint.EndpointId     : Endpoint ID 'service-registry' contains invalid characters, please migrate to a valid format.
2019-04-22 10:39:52.030  INFO 12180 --- [main] o.s.cloud.context.scope.GenericScope     : BeanFactory id=b5697fa4-957c-37f9-b2ba-583ac33378c0
2019-04-22 10:39:52.082  INFO 12180 --- [main] trationDelegate$BeanPostProcessorChecker : Bean 'org.springframework.cloud.autoconfigure.ConfigurationPropertiesRebinderAutoConfiguration' of type [org.springframework.cloud.autoconfigure.ConfigurationPropertiesRebinderAutoConfiguration$$EnhancerBySpringCGLIB$$a0410510] is not eligible for getting processed by all BeanPostProcessors (for example: not eligible for auto-proxying)
2019-04-22 10:39:52.270  INFO 12180 --- [main] o.s.b.w.embedded.tomcat.TomcatWebServer  : Tomcat initialized with port(s): 8000 (http)
2019-04-22 10:39:52.286  INFO 12180 --- [main] o.apache.catalina.core.StandardService   : Starting service [Tomcat]
2019-04-22 10:39:52.286  INFO 12180 --- [main] org.apache.catalina.core.StandardEngine  : Starting Servlet engine: [Apache Tomcat/9.0.17]
2019-04-22 10:39:52.378  INFO 12180 --- [main] o.a.c.c.C.[Tomcat].[localhost].[/]       : Initializing Spring embedded WebApplicationContext
2019-04-22 10:39:52.378  INFO 12180 --- [main] o.s.web.context.ContextLoader            : Root WebApplicationContext: initialization completed in 864 ms
2019-04-22 10:39:52.456  WARN 12180 --- [main] c.n.c.sources.URLConfigurationSource     : No URLs will be polled as dynamic configuration sources.
2019-04-22 10:39:52.456  INFO 12180 --- [main] c.n.c.sources.URLConfigurationSource     : To enable URLs as dynamic configuration sources, define System property archaius.configurationSource.additionalUrls or make config.properties available on classpath.
2019-04-22 10:39:52.463  INFO 12180 --- [main] c.netflix.config.DynamicPropertyFactory  : DynamicPropertyFactory is initialized with configuration sources: com.netflix.config.ConcurrentCompositeConfiguration@3ea84e01
2019-04-22 10:39:52.740  WARN 12180 --- [main] c.n.c.sources.URLConfigurationSource     : No URLs will be polled as dynamic configuration sources.
2019-04-22 10:39:52.741  INFO 12180 --- [main] c.n.c.sources.URLConfigurationSource     : To enable URLs as dynamic configuration sources, define System property archaius.configurationSource.additionalUrls or make config.properties available on classpath.
2019-04-22 10:39:52.846  INFO 12180 --- [main] o.s.s.concurrent.ThreadPoolTaskExecutor  : Initializing ExecutorService 'applicationTaskExecutor'
2019-04-22 10:39:53.253  INFO 12180 --- [main] com.netflix.discovery.DiscoveryClient    : Shutting down DiscoveryClient ...
2019-04-22 10:39:53.257  INFO 12180 --- [main] com.netflix.discovery.DiscoveryClient    : Completed shut down of DiscoveryClient
2019-04-22 10:39:53.263  INFO 12180 --- [main] o.s.b.a.e.web.EndpointLinksResolver      : Exposing 20 endpoint(s) beneath base path '/actuator'
2019-04-22 10:39:53.329  INFO 12180 --- [main] o.s.c.n.eureka.InstanceInfoFactory       : Setting initial instance status as: STARTING
2019-04-22 10:39:53.332  INFO 12180 --- [main] com.netflix.discovery.DiscoveryClient    : Initializing Eureka in region us-east-1
2019-04-22 10:39:53.334  INFO 12180 --- [main] c.n.d.provider.DiscoveryJerseyProvider   : Using JSON encoding codec LegacyJacksonJson
2019-04-22 10:39:53.334  INFO 12180 --- [main] c.n.d.provider.DiscoveryJerseyProvider   : Using JSON decoding codec LegacyJacksonJson
2019-04-22 10:39:53.334  INFO 12180 --- [main] c.n.d.provider.DiscoveryJerseyProvider   : Using XML encoding codec XStreamXml
2019-04-22 10:39:53.334  INFO 12180 --- [main] c.n.d.provider.DiscoveryJerseyProvider   : Using XML decoding codec XStreamXml
2019-04-22 10:39:53.410  INFO 12180 --- [main] c.n.d.s.r.aws.ConfigClusterResolver      : Resolving eureka endpoints via configuration
2019-04-22 10:39:53.411  INFO 12180 --- [main] com.netflix.discovery.DiscoveryClient    : Disable delta property : false
2019-04-22 10:39:53.411  INFO 12180 --- [main] com.netflix.discovery.DiscoveryClient    : Single vip registry refresh property : null
2019-04-22 10:39:53.411  INFO 12180 --- [main] com.netflix.discovery.DiscoveryClient    : Force full registry fetch : false
2019-04-22 10:39:53.411  INFO 12180 --- [main] com.netflix.discovery.DiscoveryClient    : Application is null : false
2019-04-22 10:39:53.411  INFO 12180 --- [main] com.netflix.discovery.DiscoveryClient    : Registered Applications size is zero : true
2019-04-22 10:39:53.411  INFO 12180 --- [main] com.netflix.discovery.DiscoveryClient    : Application version is -1: true
2019-04-22 10:39:53.411  INFO 12180 --- [main] com.netflix.discovery.DiscoveryClient    : Getting all instance registry info from the eureka server
2019-04-22 10:39:53.414  INFO 12180 --- [main] com.netflix.discovery.DiscoveryClient    : The response status is 200
2019-04-22 10:39:53.415  INFO 12180 --- [main] com.netflix.discovery.DiscoveryClient    : Starting heartbeat executor: renew interval is: 30
2019-04-22 10:39:53.416  INFO 12180 --- [main] c.n.discovery.InstanceInfoReplicator     : InstanceInfoReplicator onDemand update allowed rate per min is 4
2019-04-22 10:39:53.417  INFO 12180 --- [main] com.netflix.discovery.DiscoveryClient    : Discovery Client initialized at timestamp 1555900793417 with initial instances count: 3
2019-04-22 10:39:53.418  INFO 12180 --- [main] o.s.c.n.e.s.EurekaServiceRegistry        : Registering application CONFIGCLIENT with eureka with status UP
2019-04-22 10:39:53.418  INFO 12180 --- [main] com.netflix.discovery.DiscoveryClient    : Saw local status change event StatusChangeEvent [timestamp=1555900793418, current=UP, previous=STARTING]
2019-04-22 10:39:53.419  INFO 12180 --- [DiscoveryClient-InstanceInfoReplicator-0] com.netflix.discovery.DiscoveryClient    : DiscoveryClient_CONFIGCLIENT/configclient:192.168.131.43:8000: registering service...
2019-04-22 10:39:53.440  INFO 12180 --- [DiscoveryClient-InstanceInfoReplicator-0] com.netflix.discovery.DiscoveryClient    : DiscoveryClient_CONFIGCLIENT/configclient:192.168.131.43:8000 - registration status: 204
2019-04-22 10:39:53.445  INFO 12180 --- [main] o.s.b.w.embedded.tomcat.TomcatWebServer  : Tomcat started on port(s): 8000 (http) with context path ''
2019-04-22 10:39:53.446  INFO 12180 --- [main] .s.c.n.e.s.EurekaAutoServiceRegistration : Updating port to 8000
2019-04-22 10:39:53.446  INFO 12180 --- [main] .s.c.n.e.s.EurekaAutoServiceRegistration : Updating port to 8000
2019-04-22 10:39:53.447  INFO 12180 --- [main] com.my.ConfigClientApplication           : Started ConfigClientApplication in 3.826 seconds (JVM running for 4.909)
2019-04-22 10:39:53.455  INFO 12180 --- [main] com.my.ConfigClientApplication           : config client start!!!
2019-04-22 10:39:53.902  INFO 12180 --- [RMI TCP Connection(4)-127.0.0.1] o.a.c.c.C.[Tomcat].[localhost].[/]       : Initializing Spring DispatcherServlet 'dispatcherServlet'
2019-04-22 10:39:53.902  INFO 12180 --- [RMI TCP Connection(4)-127.0.0.1] o.s.web.servlet.DispatcherServlet        : Initializing Servlet 'dispatcherServlet'
2019-04-22 10:39:53.906  INFO 12180 --- [RMI TCP Connection(2)-127.0.0.1] c.c.c.ConfigServicePropertySourceLocator : Fetching config from server at : http://192.168.131.43:7000/
2019-04-22 10:39:53.913  INFO 12180 --- [RMI TCP Connection(4)-127.0.0.1] o.s.web.servlet.DispatcherServlet        : Completed initialization in 11 ms
2019-04-22 10:39:54.071  INFO 12180 --- [RMI TCP Connection(2)-127.0.0.1] c.c.c.ConfigServicePropertySourceLocator : Located environment: name=configclient, profiles=[dev], label=master, version=null, state=null
2019-04-22 10:40:10.876  INFO 12180 --- [http-nio-8000-exec-7] c.m.c.controller.ConfigController        : get value!
2019-04-22 10:40:22.805  INFO 12180 --- [http-nio-8000-exec-3] c.m.c.controller.ConfigController        : get value!
2019-04-22 10:40:30.971  INFO 12180 --- [Thread-14] o.s.c.n.e.s.EurekaServiceRegistry        : Unregistering application CONFIGCLIENT with eureka with status DOWN
2019-04-22 10:40:30.972  WARN 12180 --- [Thread-14] com.netflix.discovery.DiscoveryClient    : Saw local status change event StatusChangeEvent [timestamp=1555900830971, current=DOWN, previous=UP]
2019-04-22 10:40:30.972  INFO 12180 --- [DiscoveryClient-InstanceInfoReplicator-0] com.netflix.discovery.DiscoveryClient    : DiscoveryClient_CONFIGCLIENT/configclient:192.168.131.43:8000: registering service...
2019-04-22 10:40:30.983  INFO 12180 --- [DiscoveryClient-InstanceInfoReplicator-0] com.netflix.discovery.DiscoveryClient    : DiscoveryClient_CONFIGCLIENT/configclient:192.168.131.43:8000 - registration status: 204
2019-04-22 10:40:30.986  INFO 12180 --- [Thread-14] o.s.s.concurrent.ThreadPoolTaskExecutor  : Shutting down ExecutorService 'applicationTaskExecutor'
2019-04-22 10:40:30.988  INFO 12180 --- [Thread-14] com.netflix.discovery.DiscoveryClient    : Shutting down DiscoveryClient ...
2019-04-22 10:40:33.989  INFO 12180 --- [Thread-14] com.netflix.discovery.DiscoveryClient    : Unregistering ...
2019-04-22 10:40:36.019 ERROR 12180 --- [Thread-14] c.n.d.s.t.d.RedirectingEurekaHttpClient  : Request execution error. endpoint=DefaultEndpoint{ serviceUrl='http://localhost:7001/eureka/}

com.sun.jersey.api.client.ClientHandlerException: java.net.ConnectException: Connection refused: connect
	at com.sun.jersey.client.apache4.ApacheHttpClient4Handler.handle(ApacheHttpClient4Handler.java:187) ~[jersey-apache-client4-1.19.1.jar:1.19.1]
	at com.sun.jersey.api.client.filter.GZIPContentEncodingFilter.handle(GZIPContentEncodingFilter.java:123) ~[jersey-client-1.19.1.jar:1.19.1]
	at com.netflix.discovery.EurekaIdentityHeaderFilter.handle(EurekaIdentityHeaderFilter.java:27) ~[eureka-client-1.9.8.jar:1.9.8]
	at com.sun.jersey.api.client.Client.handle(Client.java:652) ~[jersey-client-1.19.1.jar:1.19.1]
	at com.sun.jersey.api.client.WebResource.handle(WebResource.java:682) ~[jersey-client-1.19.1.jar:1.19.1]
	at com.sun.jersey.api.client.WebResource.access$200(WebResource.java:74) ~[jersey-client-1.19.1.jar:1.19.1]
	at com.sun.jersey.api.client.WebResource$Builder.delete(WebResource.java:591) ~[jersey-client-1.19.1.jar:1.19.1]
	at com.netflix.discovery.shared.transport.jersey.AbstractJerseyEurekaHttpClient.cancel(AbstractJerseyEurekaHttpClient.java:76) ~[eureka-client-1.9.8.jar:1.9.8]
	at com.netflix.discovery.shared.transport.decorator.EurekaHttpClientDecorator$2.execute(EurekaHttpClientDecorator.java:74) [eureka-client-1.9.8.jar:1.9.8]
	at com.netflix.discovery.shared.transport.decorator.MetricsCollectingEurekaHttpClient.execute(MetricsCollectingEurekaHttpClient.java:73) ~[eureka-client-1.9.8.jar:1.9.8]
	at com.netflix.discovery.shared.transport.decorator.EurekaHttpClientDecorator.cancel(EurekaHttpClientDecorator.java:71) [eureka-client-1.9.8.jar:1.9.8]
	at com.netflix.discovery.shared.transport.decorator.EurekaHttpClientDecorator$2.execute(EurekaHttpClientDecorator.java:74) [eureka-client-1.9.8.jar:1.9.8]
	at com.netflix.discovery.shared.transport.decorator.RedirectingEurekaHttpClient.execute(RedirectingEurekaHttpClient.java:89) ~[eureka-client-1.9.8.jar:1.9.8]
	at com.netflix.discovery.shared.transport.decorator.EurekaHttpClientDecorator.cancel(EurekaHttpClientDecorator.java:71) [eureka-client-1.9.8.jar:1.9.8]
	at com.netflix.discovery.shared.transport.decorator.EurekaHttpClientDecorator$2.execute(EurekaHttpClientDecorator.java:74) [eureka-client-1.9.8.jar:1.9.8]
	at com.netflix.discovery.shared.transport.decorator.RetryableEurekaHttpClient.execute(RetryableEurekaHttpClient.java:120) [eureka-client-1.9.8.jar:1.9.8]
	at com.netflix.discovery.shared.transport.decorator.EurekaHttpClientDecorator.cancel(EurekaHttpClientDecorator.java:71) [eureka-client-1.9.8.jar:1.9.8]
	at com.netflix.discovery.shared.transport.decorator.EurekaHttpClientDecorator$2.execute(EurekaHttpClientDecorator.java:74) [eureka-client-1.9.8.jar:1.9.8]
	at com.netflix.discovery.shared.transport.decorator.SessionedEurekaHttpClient.execute(SessionedEurekaHttpClient.java:77) [eureka-client-1.9.8.jar:1.9.8]
	at com.netflix.discovery.shared.transport.decorator.EurekaHttpClientDecorator.cancel(EurekaHttpClientDecorator.java:71) [eureka-client-1.9.8.jar:1.9.8]
	at com.netflix.discovery.DiscoveryClient.unregister(DiscoveryClient.java:923) [eureka-client-1.9.8.jar:1.9.8]
	at com.netflix.discovery.DiscoveryClient.shutdown(DiscoveryClient.java:901) [eureka-client-1.9.8.jar:1.9.8]
	at sun.reflect.NativeMethodAccessorImpl.invoke0(Native Method) ~[na:1.8.0_131]
	at sun.reflect.NativeMethodAccessorImpl.invoke(NativeMethodAccessorImpl.java:62) ~[na:1.8.0_131]
	at sun.reflect.DelegatingMethodAccessorImpl.invoke(DelegatingMethodAccessorImpl.java:43) ~[na:1.8.0_131]
	at java.lang.reflect.Method.invoke(Method.java:498) ~[na:1.8.0_131]
	at org.springframework.beans.factory.annotation.InitDestroyAnnotationBeanPostProcessor$LifecycleElement.invoke(InitDestroyAnnotationBeanPostProcessor.java:363) [spring-beans-5.1.6.RELEASE.jar:5.1.6.RELEASE]
	at org.springframework.beans.factory.annotation.InitDestroyAnnotationBeanPostProcessor$LifecycleMetadata.invokeDestroyMethods(InitDestroyAnnotationBeanPostProcessor.java:321) [spring-beans-5.1.6.RELEASE.jar:5.1.6.RELEASE]
	at org.springframework.beans.factory.annotation.InitDestroyAnnotationBeanPostProcessor.postProcessBeforeDestruction(InitDestroyAnnotationBeanPostProcessor.java:156) [spring-beans-5.1.6.RELEASE.jar:5.1.6.RELEASE]
	at org.springframework.beans.factory.support.DisposableBeanAdapter.destroy(DisposableBeanAdapter.java:240) [spring-beans-5.1.6.RELEASE.jar:5.1.6.RELEASE]
	at org.springframework.beans.factory.support.DisposableBeanAdapter.run(DisposableBeanAdapter.java:233) [spring-beans-5.1.6.RELEASE.jar:5.1.6.RELEASE]
	at org.springframework.cloud.context.scope.GenericScope$BeanLifecycleWrapper.destroy(GenericScope.java:403) [spring-cloud-context-2.1.1.RELEASE.jar:2.1.1.RELEASE]
	at org.springframework.cloud.context.scope.GenericScope.destroy(GenericScope.java:142) [spring-cloud-context-2.1.1.RELEASE.jar:2.1.1.RELEASE]
	at org.springframework.beans.factory.support.DisposableBeanAdapter.destroy(DisposableBeanAdapter.java:256) [spring-beans-5.1.6.RELEASE.jar:5.1.6.RELEASE]
	at org.springframework.beans.factory.support.DefaultSingletonBeanRegistry.destroyBean(DefaultSingletonBeanRegistry.java:571) [spring-beans-5.1.6.RELEASE.jar:5.1.6.RELEASE]
	at org.springframework.beans.factory.support.DefaultSingletonBeanRegistry.destroySingleton(DefaultSingletonBeanRegistry.java:543) [spring-beans-5.1.6.RELEASE.jar:5.1.6.RELEASE]
	at org.springframework.beans.factory.support.DefaultListableBeanFactory.destroySingleton(DefaultListableBeanFactory.java:1055) [spring-beans-5.1.6.RELEASE.jar:5.1.6.RELEASE]
	at org.springframework.beans.factory.support.DefaultSingletonBeanRegistry.destroySingletons(DefaultSingletonBeanRegistry.java:504) [spring-beans-5.1.6.RELEASE.jar:5.1.6.RELEASE]
	at org.springframework.beans.factory.support.DefaultListableBeanFactory.destroySingletons(DefaultListableBeanFactory.java:1062) [spring-beans-5.1.6.RELEASE.jar:5.1.6.RELEASE]
	at org.springframework.context.support.AbstractApplicationContext.destroyBeans(AbstractApplicationContext.java:1057) [spring-context-5.1.6.RELEASE.jar:5.1.6.RELEASE]
	at org.springframework.context.support.AbstractApplicationContext.doClose(AbstractApplicationContext.java:1026) [spring-context-5.1.6.RELEASE.jar:5.1.6.RELEASE]
	at org.springframework.context.support.AbstractApplicationContext$1.run(AbstractApplicationContext.java:945) [spring-context-5.1.6.RELEASE.jar:5.1.6.RELEASE]
Caused by: java.net.ConnectException: Connection refused: connect
	at java.net.DualStackPlainSocketImpl.waitForConnect(Native Method) ~[na:1.8.0_131]
	at java.net.DualStackPlainSocketImpl.socketConnect(DualStackPlainSocketImpl.java:85) ~[na:1.8.0_131]
	at java.net.AbstractPlainSocketImpl.doConnect(AbstractPlainSocketImpl.java:350) ~[na:1.8.0_131]
	at java.net.AbstractPlainSocketImpl.connectToAddress(AbstractPlainSocketImpl.java:206) ~[na:1.8.0_131]
	at java.net.AbstractPlainSocketImpl.connect(AbstractPlainSocketImpl.java:188) ~[na:1.8.0_131]
	at java.net.PlainSocketImpl.connect(PlainSocketImpl.java:172) ~[na:1.8.0_131]
	at java.net.SocksSocketImpl.connect(SocksSocketImpl.java:392) ~[na:1.8.0_131]
	at java.net.Socket.connect(Socket.java:589) ~[na:1.8.0_131]
	at org.apache.http.conn.scheme.PlainSocketFactory.connectSocket(PlainSocketFactory.java:121) ~[httpclient-4.5.8.jar:4.5.8]
	at org.apache.http.impl.conn.DefaultClientConnectionOperator.openConnection(DefaultClientConnectionOperator.java:180) ~[httpclient-4.5.8.jar:4.5.8]
	at org.apache.http.impl.conn.AbstractPoolEntry.open(AbstractPoolEntry.java:144) ~[httpclient-4.5.8.jar:4.5.8]
	at org.apache.http.impl.conn.AbstractPooledConnAdapter.open(AbstractPooledConnAdapter.java:134) ~[httpclient-4.5.8.jar:4.5.8]
	at org.apache.http.impl.client.DefaultRequestDirector.tryConnect(DefaultRequestDirector.java:605) ~[httpclient-4.5.8.jar:4.5.8]
	at org.apache.http.impl.client.DefaultRequestDirector.execute(DefaultRequestDirector.java:440) ~[httpclient-4.5.8.jar:4.5.8]
	at org.apache.http.impl.client.AbstractHttpClient.doExecute(AbstractHttpClient.java:835) ~[httpclient-4.5.8.jar:4.5.8]
	at org.apache.http.impl.client.CloseableHttpClient.execute(CloseableHttpClient.java:118) ~[httpclient-4.5.8.jar:4.5.8]
	at org.apache.http.impl.client.CloseableHttpClient.execute(CloseableHttpClient.java:56) ~[httpclient-4.5.8.jar:4.5.8]
	at com.sun.jersey.client.apache4.ApacheHttpClient4Handler.handle(ApacheHttpClient4Handler.java:173) ~[jersey-apache-client4-1.19.1.jar:1.19.1]
	... 41 common frames omitted

2019-04-22 10:40:36.020  WARN 12180 --- [Thread-14] c.n.d.s.t.d.RetryableEurekaHttpClient    : Request execution failed with message: java.net.ConnectException: Connection refused: connect
2019-04-22 10:40:38.046 ERROR 12180 --- [Thread-14] c.n.d.s.t.d.RedirectingEurekaHttpClient  : Request execution error. endpoint=DefaultEndpoint{ serviceUrl='http://localhost:7001/eureka/}

com.sun.jersey.api.client.ClientHandlerException: java.net.ConnectException: Connection refused: connect
	at com.sun.jersey.client.apache4.ApacheHttpClient4Handler.handle(ApacheHttpClient4Handler.java:187) ~[jersey-apache-client4-1.19.1.jar:1.19.1]
	at com.sun.jersey.api.client.filter.GZIPContentEncodingFilter.handle(GZIPContentEncodingFilter.java:123) ~[jersey-client-1.19.1.jar:1.19.1]
	at com.netflix.discovery.EurekaIdentityHeaderFilter.handle(EurekaIdentityHeaderFilter.java:27) ~[eureka-client-1.9.8.jar:1.9.8]
	at com.sun.jersey.api.client.Client.handle(Client.java:652) ~[jersey-client-1.19.1.jar:1.19.1]
	at com.sun.jersey.api.client.WebResource.handle(WebResource.java:682) ~[jersey-client-1.19.1.jar:1.19.1]
	at com.sun.jersey.api.client.WebResource.access$200(WebResource.java:74) ~[jersey-client-1.19.1.jar:1.19.1]
	at com.sun.jersey.api.client.WebResource$Builder.delete(WebResource.java:591) ~[jersey-client-1.19.1.jar:1.19.1]
	at com.netflix.discovery.shared.transport.jersey.AbstractJerseyEurekaHttpClient.cancel(AbstractJerseyEurekaHttpClient.java:76) ~[eureka-client-1.9.8.jar:1.9.8]
	at com.netflix.discovery.shared.transport.decorator.EurekaHttpClientDecorator$2.execute(EurekaHttpClientDecorator.java:74) [eureka-client-1.9.8.jar:1.9.8]
	at com.netflix.discovery.shared.transport.decorator.MetricsCollectingEurekaHttpClient.execute(MetricsCollectingEurekaHttpClient.java:73) ~[eureka-client-1.9.8.jar:1.9.8]
	at com.netflix.discovery.shared.transport.decorator.EurekaHttpClientDecorator.cancel(EurekaHttpClientDecorator.java:71) [eureka-client-1.9.8.jar:1.9.8]
	at com.netflix.discovery.shared.transport.decorator.EurekaHttpClientDecorator$2.execute(EurekaHttpClientDecorator.java:74) [eureka-client-1.9.8.jar:1.9.8]
	at com.netflix.discovery.shared.transport.decorator.RedirectingEurekaHttpClient.executeOnNewServer(RedirectingEurekaHttpClient.java:118) ~[eureka-client-1.9.8.jar:1.9.8]
	at com.netflix.discovery.shared.transport.decorator.RedirectingEurekaHttpClient.execute(RedirectingEurekaHttpClient.java:79) ~[eureka-client-1.9.8.jar:1.9.8]
	at com.netflix.discovery.shared.transport.decorator.EurekaHttpClientDecorator.cancel(EurekaHttpClientDecorator.java:71) [eureka-client-1.9.8.jar:1.9.8]
	at com.netflix.discovery.shared.transport.decorator.EurekaHttpClientDecorator$2.execute(EurekaHttpClientDecorator.java:74) [eureka-client-1.9.8.jar:1.9.8]
	at com.netflix.discovery.shared.transport.decorator.RetryableEurekaHttpClient.execute(RetryableEurekaHttpClient.java:120) [eureka-client-1.9.8.jar:1.9.8]
	at com.netflix.discovery.shared.transport.decorator.EurekaHttpClientDecorator.cancel(EurekaHttpClientDecorator.java:71) [eureka-client-1.9.8.jar:1.9.8]
	at com.netflix.discovery.shared.transport.decorator.EurekaHttpClientDecorator$2.execute(EurekaHttpClientDecorator.java:74) [eureka-client-1.9.8.jar:1.9.8]
	at com.netflix.discovery.shared.transport.decorator.SessionedEurekaHttpClient.execute(SessionedEurekaHttpClient.java:77) [eureka-client-1.9.8.jar:1.9.8]
	at com.netflix.discovery.shared.transport.decorator.EurekaHttpClientDecorator.cancel(EurekaHttpClientDecorator.java:71) [eureka-client-1.9.8.jar:1.9.8]
	at com.netflix.discovery.DiscoveryClient.unregister(DiscoveryClient.java:923) [eureka-client-1.9.8.jar:1.9.8]
	at com.netflix.discovery.DiscoveryClient.shutdown(DiscoveryClient.java:901) [eureka-client-1.9.8.jar:1.9.8]
	at sun.reflect.NativeMethodAccessorImpl.invoke0(Native Method) ~[na:1.8.0_131]
	at sun.reflect.NativeMethodAccessorImpl.invoke(NativeMethodAccessorImpl.java:62) ~[na:1.8.0_131]
	at sun.reflect.DelegatingMethodAccessorImpl.invoke(DelegatingMethodAccessorImpl.java:43) ~[na:1.8.0_131]
	at java.lang.reflect.Method.invoke(Method.java:498) ~[na:1.8.0_131]
	at org.springframework.beans.factory.annotation.InitDestroyAnnotationBeanPostProcessor$LifecycleElement.invoke(InitDestroyAnnotationBeanPostProcessor.java:363) [spring-beans-5.1.6.RELEASE.jar:5.1.6.RELEASE]
	at org.springframework.beans.factory.annotation.InitDestroyAnnotationBeanPostProcessor$LifecycleMetadata.invokeDestroyMethods(InitDestroyAnnotationBeanPostProcessor.java:321) [spring-beans-5.1.6.RELEASE.jar:5.1.6.RELEASE]
	at org.springframework.beans.factory.annotation.InitDestroyAnnotationBeanPostProcessor.postProcessBeforeDestruction(InitDestroyAnnotationBeanPostProcessor.java:156) [spring-beans-5.1.6.RELEASE.jar:5.1.6.RELEASE]
	at org.springframework.beans.factory.support.DisposableBeanAdapter.destroy(DisposableBeanAdapter.java:240) [spring-beans-5.1.6.RELEASE.jar:5.1.6.RELEASE]
	at org.springframework.beans.factory.support.DisposableBeanAdapter.run(DisposableBeanAdapter.java:233) [spring-beans-5.1.6.RELEASE.jar:5.1.6.RELEASE]
	at org.springframework.cloud.context.scope.GenericScope$BeanLifecycleWrapper.destroy(GenericScope.java:403) [spring-cloud-context-2.1.1.RELEASE.jar:2.1.1.RELEASE]
	at org.springframework.cloud.context.scope.GenericScope.destroy(GenericScope.java:142) [spring-cloud-context-2.1.1.RELEASE.jar:2.1.1.RELEASE]
	at org.springframework.beans.factory.support.DisposableBeanAdapter.destroy(DisposableBeanAdapter.java:256) [spring-beans-5.1.6.RELEASE.jar:5.1.6.RELEASE]
	at org.springframework.beans.factory.support.DefaultSingletonBeanRegistry.destroyBean(DefaultSingletonBeanRegistry.java:571) [spring-beans-5.1.6.RELEASE.jar:5.1.6.RELEASE]
	at org.springframework.beans.factory.support.DefaultSingletonBeanRegistry.destroySingleton(DefaultSingletonBeanRegistry.java:543) [spring-beans-5.1.6.RELEASE.jar:5.1.6.RELEASE]
	at org.springframework.beans.factory.support.DefaultListableBeanFactory.destroySingleton(DefaultListableBeanFactory.java:1055) [spring-beans-5.1.6.RELEASE.jar:5.1.6.RELEASE]
	at org.springframework.beans.factory.support.DefaultSingletonBeanRegistry.destroySingletons(DefaultSingletonBeanRegistry.java:504) [spring-beans-5.1.6.RELEASE.jar:5.1.6.RELEASE]
	at org.springframework.beans.factory.support.DefaultListableBeanFactory.destroySingletons(DefaultListableBeanFactory.java:1062) [spring-beans-5.1.6.RELEASE.jar:5.1.6.RELEASE]
	at org.springframework.context.support.AbstractApplicationContext.destroyBeans(AbstractApplicationContext.java:1057) [spring-context-5.1.6.RELEASE.jar:5.1.6.RELEASE]
	at org.springframework.context.support.AbstractApplicationContext.doClose(AbstractApplicationContext.java:1026) [spring-context-5.1.6.RELEASE.jar:5.1.6.RELEASE]
	at org.springframework.context.support.AbstractApplicationContext$1.run(AbstractApplicationContext.java:945) [spring-context-5.1.6.RELEASE.jar:5.1.6.RELEASE]
Caused by: java.net.ConnectException: Connection refused: connect
	at java.net.DualStackPlainSocketImpl.waitForConnect(Native Method) ~[na:1.8.0_131]
	at java.net.DualStackPlainSocketImpl.socketConnect(DualStackPlainSocketImpl.java:85) ~[na:1.8.0_131]
	at java.net.AbstractPlainSocketImpl.doConnect(AbstractPlainSocketImpl.java:350) ~[na:1.8.0_131]
	at java.net.AbstractPlainSocketImpl.connectToAddress(AbstractPlainSocketImpl.java:206) ~[na:1.8.0_131]
	at java.net.AbstractPlainSocketImpl.connect(AbstractPlainSocketImpl.java:188) ~[na:1.8.0_131]
	at java.net.PlainSocketImpl.connect(PlainSocketImpl.java:172) ~[na:1.8.0_131]
	at java.net.SocksSocketImpl.connect(SocksSocketImpl.java:392) ~[na:1.8.0_131]
	at java.net.Socket.connect(Socket.java:589) ~[na:1.8.0_131]
	at org.apache.http.conn.scheme.PlainSocketFactory.connectSocket(PlainSocketFactory.java:121) ~[httpclient-4.5.8.jar:4.5.8]
	at org.apache.http.impl.conn.DefaultClientConnectionOperator.openConnection(DefaultClientConnectionOperator.java:180) ~[httpclient-4.5.8.jar:4.5.8]
	at org.apache.http.impl.conn.AbstractPoolEntry.open(AbstractPoolEntry.java:144) ~[httpclient-4.5.8.jar:4.5.8]
	at org.apache.http.impl.conn.AbstractPooledConnAdapter.open(AbstractPooledConnAdapter.java:134) ~[httpclient-4.5.8.jar:4.5.8]
	at org.apache.http.impl.client.DefaultRequestDirector.tryConnect(DefaultRequestDirector.java:605) ~[httpclient-4.5.8.jar:4.5.8]
	at org.apache.http.impl.client.DefaultRequestDirector.execute(DefaultRequestDirector.java:440) ~[httpclient-4.5.8.jar:4.5.8]
	at org.apache.http.impl.client.AbstractHttpClient.doExecute(AbstractHttpClient.java:835) ~[httpclient-4.5.8.jar:4.5.8]
	at org.apache.http.impl.client.CloseableHttpClient.execute(CloseableHttpClient.java:118) ~[httpclient-4.5.8.jar:4.5.8]
	at org.apache.http.impl.client.CloseableHttpClient.execute(CloseableHttpClient.java:56) ~[httpclient-4.5.8.jar:4.5.8]
	at com.sun.jersey.client.apache4.ApacheHttpClient4Handler.handle(ApacheHttpClient4Handler.java:173) ~[jersey-apache-client4-1.19.1.jar:1.19.1]
	... 42 common frames omitted

2019-04-22 10:40:38.047  WARN 12180 --- [Thread-14] c.n.d.s.t.d.RetryableEurekaHttpClient    : Request execution failed with message: java.net.ConnectException: Connection refused: connect
2019-04-22 10:40:38.048 ERROR 12180 --- [Thread-14] com.netflix.discovery.DiscoveryClient    : DiscoveryClient_CONFIGCLIENT/configclient:192.168.131.43:8000 - de-registration failedCannot execute request on any known server

com.netflix.discovery.shared.transport.TransportException: Cannot execute request on any known server
	at com.netflix.discovery.shared.transport.decorator.RetryableEurekaHttpClient.execute(RetryableEurekaHttpClient.java:112) ~[eureka-client-1.9.8.jar:1.9.8]
	at com.netflix.discovery.shared.transport.decorator.EurekaHttpClientDecorator.cancel(EurekaHttpClientDecorator.java:71) ~[eureka-client-1.9.8.jar:1.9.8]
	at com.netflix.discovery.shared.transport.decorator.EurekaHttpClientDecorator$2.execute(EurekaHttpClientDecorator.java:74) ~[eureka-client-1.9.8.jar:1.9.8]
	at com.netflix.discovery.shared.transport.decorator.SessionedEurekaHttpClient.execute(SessionedEurekaHttpClient.java:77) ~[eureka-client-1.9.8.jar:1.9.8]
	at com.netflix.discovery.shared.transport.decorator.EurekaHttpClientDecorator.cancel(EurekaHttpClientDecorator.java:71) ~[eureka-client-1.9.8.jar:1.9.8]
	at com.netflix.discovery.DiscoveryClient.unregister(DiscoveryClient.java:923) [eureka-client-1.9.8.jar:1.9.8]
	at com.netflix.discovery.DiscoveryClient.shutdown(DiscoveryClient.java:901) [eureka-client-1.9.8.jar:1.9.8]
	at sun.reflect.NativeMethodAccessorImpl.invoke0(Native Method) ~[na:1.8.0_131]
	at sun.reflect.NativeMethodAccessorImpl.invoke(NativeMethodAccessorImpl.java:62) ~[na:1.8.0_131]
	at sun.reflect.DelegatingMethodAccessorImpl.invoke(DelegatingMethodAccessorImpl.java:43) ~[na:1.8.0_131]
	at java.lang.reflect.Method.invoke(Method.java:498) ~[na:1.8.0_131]
	at org.springframework.beans.factory.annotation.InitDestroyAnnotationBeanPostProcessor$LifecycleElement.invoke(InitDestroyAnnotationBeanPostProcessor.java:363) [spring-beans-5.1.6.RELEASE.jar:5.1.6.RELEASE]
	at org.springframework.beans.factory.annotation.InitDestroyAnnotationBeanPostProcessor$LifecycleMetadata.invokeDestroyMethods(InitDestroyAnnotationBeanPostProcessor.java:321) [spring-beans-5.1.6.RELEASE.jar:5.1.6.RELEASE]
	at org.springframework.beans.factory.annotation.InitDestroyAnnotationBeanPostProcessor.postProcessBeforeDestruction(InitDestroyAnnotationBeanPostProcessor.java:156) [spring-beans-5.1.6.RELEASE.jar:5.1.6.RELEASE]
	at org.springframework.beans.factory.support.DisposableBeanAdapter.destroy(DisposableBeanAdapter.java:240) [spring-beans-5.1.6.RELEASE.jar:5.1.6.RELEASE]
	at org.springframework.beans.factory.support.DisposableBeanAdapter.run(DisposableBeanAdapter.java:233) [spring-beans-5.1.6.RELEASE.jar:5.1.6.RELEASE]
	at org.springframework.cloud.context.scope.GenericScope$BeanLifecycleWrapper.destroy(GenericScope.java:403) [spring-cloud-context-2.1.1.RELEASE.jar:2.1.1.RELEASE]
	at org.springframework.cloud.context.scope.GenericScope.destroy(GenericScope.java:142) [spring-cloud-context-2.1.1.RELEASE.jar:2.1.1.RELEASE]
	at org.springframework.beans.factory.support.DisposableBeanAdapter.destroy(DisposableBeanAdapter.java:256) [spring-beans-5.1.6.RELEASE.jar:5.1.6.RELEASE]
	at org.springframework.beans.factory.support.DefaultSingletonBeanRegistry.destroyBean(DefaultSingletonBeanRegistry.java:571) [spring-beans-5.1.6.RELEASE.jar:5.1.6.RELEASE]
	at org.springframework.beans.factory.support.DefaultSingletonBeanRegistry.destroySingleton(DefaultSingletonBeanRegistry.java:543) [spring-beans-5.1.6.RELEASE.jar:5.1.6.RELEASE]
	at org.springframework.beans.factory.support.DefaultListableBeanFactory.destroySingleton(DefaultListableBeanFactory.java:1055) [spring-beans-5.1.6.RELEASE.jar:5.1.6.RELEASE]
	at org.springframework.beans.factory.support.DefaultSingletonBeanRegistry.destroySingletons(DefaultSingletonBeanRegistry.java:504) [spring-beans-5.1.6.RELEASE.jar:5.1.6.RELEASE]
	at org.springframework.beans.factory.support.DefaultListableBeanFactory.destroySingletons(DefaultListableBeanFactory.java:1062) [spring-beans-5.1.6.RELEASE.jar:5.1.6.RELEASE]
	at org.springframework.context.support.AbstractApplicationContext.destroyBeans(AbstractApplicationContext.java:1057) [spring-context-5.1.6.RELEASE.jar:5.1.6.RELEASE]
	at org.springframework.context.support.AbstractApplicationContext.doClose(AbstractApplicationContext.java:1026) [spring-context-5.1.6.RELEASE.jar:5.1.6.RELEASE]
	at org.springframework.context.support.AbstractApplicationContext$1.run(AbstractApplicationContext.java:945) [spring-context-5.1.6.RELEASE.jar:5.1.6.RELEASE]

2019-04-22 10:40:38.051  INFO 12180 --- [Thread-14] com.netflix.discovery.DiscoveryClient    : Completed shut down of DiscoveryClient
