2019-04-22 10:36:43.857  INFO 11684 --- [main] trationDelegate$BeanPostProcessorChecker : Bean 'org.springframework.cloud.autoconfigure.ConfigurationPropertiesRebinderAutoConfiguration' of type [org.springframework.cloud.autoconfigure.ConfigurationPropertiesRebinderAutoConfiguration$$EnhancerBySpringCGLIB$$5699a667] is not eligible for getting processed by all BeanPostProcessors (for example: not eligible for auto-proxying)
2019-04-22 10:36:44.038  INFO 11684 --- [main] o.s.c.n.eureka.InstanceInfoFactory       : Setting initial instance status as: STARTING
2019-04-22 10:36:44.073  INFO 11684 --- [main] com.netflix.discovery.DiscoveryClient    : Initializing Eureka in region us-east-1
2019-04-22 10:36:44.289  INFO 11684 --- [main] c.n.d.provider.DiscoveryJerseyProvider   : Using JSON encoding codec LegacyJacksonJson
2019-04-22 10:36:44.289  INFO 11684 --- [main] c.n.d.provider.DiscoveryJerseyProvider   : Using JSON decoding codec LegacyJacksonJson
2019-04-22 10:36:44.356  INFO 11684 --- [main] c.n.d.provider.DiscoveryJerseyProvider   : Using XML encoding codec XStreamXml
2019-04-22 10:36:44.357  INFO 11684 --- [main] c.n.d.provider.DiscoveryJerseyProvider   : Using XML decoding codec XStreamXml
2019-04-22 10:36:44.471  INFO 11684 --- [main] c.n.d.s.r.aws.ConfigClusterResolver      : Resolving eureka endpoints via configuration
2019-04-22 10:36:44.551  INFO 11684 --- [main] com.netflix.discovery.DiscoveryClient    : Disable delta property : false
2019-04-22 10:36:44.552  INFO 11684 --- [main] com.netflix.discovery.DiscoveryClient    : Single vip registry refresh property : null
2019-04-22 10:36:44.552  INFO 11684 --- [main] com.netflix.discovery.DiscoveryClient    : Force full registry fetch : false
2019-04-22 10:36:44.552  INFO 11684 --- [main] com.netflix.discovery.DiscoveryClient    : Application is null : false
2019-04-22 10:36:44.552  INFO 11684 --- [main] com.netflix.discovery.DiscoveryClient    : Registered Applications size is zero : true
2019-04-22 10:36:44.552  INFO 11684 --- [main] com.netflix.discovery.DiscoveryClient    : Application version is -1: true
2019-04-22 10:36:44.552  INFO 11684 --- [main] com.netflix.discovery.DiscoveryClient    : Getting all instance registry info from the eureka server
2019-04-22 10:36:44.660  INFO 11684 --- [main] com.netflix.discovery.DiscoveryClient    : The response status is 200
2019-04-22 10:36:44.662  INFO 11684 --- [main] com.netflix.discovery.DiscoveryClient    : Not registering with Eureka server per configuration
2019-04-22 10:36:44.665  INFO 11684 --- [main] com.netflix.discovery.DiscoveryClient    : Discovery Client initialized at timestamp 1555900604664 with initial instances count: 3
2019-04-22 10:36:44.683  INFO 11684 --- [main] o.s.c.n.e.s.EurekaServiceRegistry        : Registering application CONFIGCLIENT with eureka with status UP
2019-04-22 10:36:44.818  INFO 11684 --- [main] c.c.c.ConfigServicePropertySourceLocator : Fetching config from server at : http://192.168.131.43:7000/
2019-04-22 10:36:45.021  INFO 11684 --- [main] c.c.c.ConfigServicePropertySourceLocator : Located environment: name=configclient, profiles=[dev], label=master, version=null, state=null
2019-04-22 10:36:45.021  INFO 11684 --- [main] b.c.PropertySourceBootstrapConfiguration : Located property source: CompositePropertySource {name='configService', propertySources=[MapPropertySource {name='classpath:/native/configclient/configclient-dev.yml'}]}
2019-04-22 10:36:45.045  INFO 11684 --- [main] com.my.ConfigClientApplication           : No active profile set, falling back to default profiles: default
2019-04-22 10:36:45.419  WARN 11684 --- [main] o.s.boot.actuate.endpoint.EndpointId     : Endpoint ID 'service-registry' contains invalid characters, please migrate to a valid format.
2019-04-22 10:36:45.517  INFO 11684 --- [main] o.s.cloud.context.scope.GenericScope     : BeanFactory id=b5697fa4-957c-37f9-b2ba-583ac33378c0
2019-04-22 10:36:45.557  INFO 11684 --- [main] trationDelegate$BeanPostProcessorChecker : Bean 'org.springframework.cloud.autoconfigure.ConfigurationPropertiesRebinderAutoConfiguration' of type [org.springframework.cloud.autoconfigure.ConfigurationPropertiesRebinderAutoConfiguration$$EnhancerBySpringCGLIB$$5699a667] is not eligible for getting processed by all BeanPostProcessors (for example: not eligible for auto-proxying)
2019-04-22 10:36:45.711  INFO 11684 --- [main] o.s.b.w.embedded.tomcat.TomcatWebServer  : Tomcat initialized with port(s): 8000 (http)
2019-04-22 10:36:45.724  INFO 11684 --- [main] o.apache.catalina.core.StandardService   : Starting service [Tomcat]
2019-04-22 10:36:45.724  INFO 11684 --- [main] org.apache.catalina.core.StandardEngine  : Starting Servlet engine: [Apache Tomcat/9.0.17]
2019-04-22 10:36:45.802  INFO 11684 --- [main] o.a.c.c.C.[Tomcat].[localhost].[/]       : Initializing Spring embedded WebApplicationContext
2019-04-22 10:36:45.802  INFO 11684 --- [main] o.s.web.context.ContextLoader            : Root WebApplicationContext: initialization completed in 751 ms
2019-04-22 10:36:45.857  WARN 11684 --- [main] c.n.c.sources.URLConfigurationSource     : No URLs will be polled as dynamic configuration sources.
2019-04-22 10:36:45.857  INFO 11684 --- [main] c.n.c.sources.URLConfigurationSource     : To enable URLs as dynamic configuration sources, define System property archaius.configurationSource.additionalUrls or make config.properties available on classpath.
2019-04-22 10:36:45.863  INFO 11684 --- [main] c.netflix.config.DynamicPropertyFactory  : DynamicPropertyFactory is initialized with configuration sources: com.netflix.config.ConcurrentCompositeConfiguration@5921b93c
2019-04-22 10:36:46.066  WARN 11684 --- [main] c.n.c.sources.URLConfigurationSource     : No URLs will be polled as dynamic configuration sources.
2019-04-22 10:36:46.066  INFO 11684 --- [main] c.n.c.sources.URLConfigurationSource     : To enable URLs as dynamic configuration sources, define System property archaius.configurationSource.additionalUrls or make config.properties available on classpath.
2019-04-22 10:36:46.164  INFO 11684 --- [main] o.s.s.concurrent.ThreadPoolTaskExecutor  : Initializing ExecutorService 'applicationTaskExecutor'
2019-04-22 10:36:46.589  INFO 11684 --- [main] com.netflix.discovery.DiscoveryClient    : Shutting down DiscoveryClient ...
2019-04-22 10:36:46.594  INFO 11684 --- [main] com.netflix.discovery.DiscoveryClient    : Completed shut down of DiscoveryClient
2019-04-22 10:36:46.598  INFO 11684 --- [main] o.s.b.a.e.web.EndpointLinksResolver      : Exposing 20 endpoint(s) beneath base path '/actuator'
2019-04-22 10:36:46.653  INFO 11684 --- [main] o.s.c.n.eureka.InstanceInfoFactory       : Setting initial instance status as: STARTING
2019-04-22 10:36:46.655  INFO 11684 --- [main] com.netflix.discovery.DiscoveryClient    : Initializing Eureka in region us-east-1
2019-04-22 10:36:46.657  INFO 11684 --- [main] c.n.d.provider.DiscoveryJerseyProvider   : Using JSON encoding codec LegacyJacksonJson
2019-04-22 10:36:46.657  INFO 11684 --- [main] c.n.d.provider.DiscoveryJerseyProvider   : Using JSON decoding codec LegacyJacksonJson
2019-04-22 10:36:46.657  INFO 11684 --- [main] c.n.d.provider.DiscoveryJerseyProvider   : Using XML encoding codec XStreamXml
2019-04-22 10:36:46.657  INFO 11684 --- [main] c.n.d.provider.DiscoveryJerseyProvider   : Using XML decoding codec XStreamXml
2019-04-22 10:36:46.696  INFO 11684 --- [main] c.n.d.s.r.aws.ConfigClusterResolver      : Resolving eureka endpoints via configuration
2019-04-22 10:36:46.696  INFO 11684 --- [main] com.netflix.discovery.DiscoveryClient    : Disable delta property : false
2019-04-22 10:36:46.696  INFO 11684 --- [main] com.netflix.discovery.DiscoveryClient    : Single vip registry refresh property : null
2019-04-22 10:36:46.696  INFO 11684 --- [main] com.netflix.discovery.DiscoveryClient    : Force full registry fetch : false
2019-04-22 10:36:46.696  INFO 11684 --- [main] com.netflix.discovery.DiscoveryClient    : Application is null : false
2019-04-22 10:36:46.696  INFO 11684 --- [main] com.netflix.discovery.DiscoveryClient    : Registered Applications size is zero : true
2019-04-22 10:36:46.697  INFO 11684 --- [main] com.netflix.discovery.DiscoveryClient    : Application version is -1: true
2019-04-22 10:36:46.697  INFO 11684 --- [main] com.netflix.discovery.DiscoveryClient    : Getting all instance registry info from the eureka server
2019-04-22 10:36:46.700  INFO 11684 --- [main] com.netflix.discovery.DiscoveryClient    : The response status is 200
2019-04-22 10:36:46.700  INFO 11684 --- [main] com.netflix.discovery.DiscoveryClient    : Starting heartbeat executor: renew interval is: 30
2019-04-22 10:36:46.702  INFO 11684 --- [main] c.n.discovery.InstanceInfoReplicator     : InstanceInfoReplicator onDemand update allowed rate per min is 4
2019-04-22 10:36:46.702  INFO 11684 --- [main] com.netflix.discovery.DiscoveryClient    : Discovery Client initialized at timestamp 1555900606702 with initial instances count: 3
2019-04-22 10:36:46.703  INFO 11684 --- [main] o.s.c.n.e.s.EurekaServiceRegistry        : Registering application CONFIGCLIENT with eureka with status UP
2019-04-22 10:36:46.703  INFO 11684 --- [main] com.netflix.discovery.DiscoveryClient    : Saw local status change event StatusChangeEvent [timestamp=1555900606703, current=UP, previous=STARTING]
2019-04-22 10:36:46.704  INFO 11684 --- [DiscoveryClient-InstanceInfoReplicator-0] com.netflix.discovery.DiscoveryClient    : DiscoveryClient_CONFIGCLIENT/configclient:192.168.131.43:8000: registering service...
2019-04-22 10:36:46.722  INFO 11684 --- [DiscoveryClient-InstanceInfoReplicator-0] com.netflix.discovery.DiscoveryClient    : DiscoveryClient_CONFIGCLIENT/configclient:192.168.131.43:8000 - registration status: 204
2019-04-22 10:36:46.727  INFO 11684 --- [main] o.s.b.w.embedded.tomcat.TomcatWebServer  : Tomcat started on port(s): 8000 (http) with context path ''
2019-04-22 10:36:46.727  INFO 11684 --- [main] .s.c.n.e.s.EurekaAutoServiceRegistration : Updating port to 8000
2019-04-22 10:36:46.728  INFO 11684 --- [main] .s.c.n.e.s.EurekaAutoServiceRegistration : Updating port to 8000
2019-04-22 10:36:46.729  INFO 11684 --- [main] com.my.ConfigClientApplication           : Started ConfigClientApplication in 3.604 seconds (JVM running for 4.144)
2019-04-22 10:36:46.735  INFO 11684 --- [main] com.my.ConfigClientApplication           : config client start!!!
2019-04-22 10:36:47.244  INFO 11684 --- [RMI TCP Connection(2)-127.0.0.1] o.a.c.c.C.[Tomcat].[localhost].[/]       : Initializing Spring DispatcherServlet 'dispatcherServlet'
2019-04-22 10:36:47.244  INFO 11684 --- [RMI TCP Connection(2)-127.0.0.1] o.s.web.servlet.DispatcherServlet        : Initializing Servlet 'dispatcherServlet'
2019-04-22 10:36:47.246  INFO 11684 --- [RMI TCP Connection(4)-127.0.0.1] c.c.c.ConfigServicePropertySourceLocator : Fetching config from server at : http://192.168.131.43:7000/
2019-04-22 10:36:47.249  INFO 11684 --- [RMI TCP Connection(2)-127.0.0.1] o.s.web.servlet.DispatcherServlet        : Completed initialization in 5 ms
2019-04-22 10:36:47.419  INFO 11684 --- [RMI TCP Connection(4)-127.0.0.1] c.c.c.ConfigServicePropertySourceLocator : Located environment: name=configclient, profiles=[dev], label=master, version=null, state=null
